2022-10-07 16:30:27:3027 - [32minfo[39m: [32mAplicação funcionando na porta: 3000[39m
2022-10-07 16:31:31:3131 - [33mwarn[39m: [33mnão foi possivel conectar no banco de dados[39m
2022-10-07 16:31:31:3131 - [31merror[39m: [31mErro: MongoServerError: bad auth : Authentication failed.[39m
2022-10-07 16:31:31:3131 - [32minfo[39m: [32mAplicação funcionando na porta: 3000[39m
2022-10-07 16:32:19:3219 - [31merror[39m: [31mnão foi possivel conectar no banco de dados[39m
2022-10-07 16:32:19:3219 - [31merror[39m: [31mErro: MongoServerError: bad auth : Authentication failed.[39m
2022-10-07 16:32:19:3219 - [32minfo[39m: [32mAplicação funcionando na porta: 3000[39m
2022-10-07 16:33:16:3316 - [31merror[39m: [31mnão foi possivel conectar no banco de dados[39m
2022-10-07 16:33:27:3327 - [31merror[39m: [31mnão foi possivel conectar no banco de dados[39m
2022-10-07 16:33:40:3340 - [31merror[39m: [31mnão foi possivel conectar no banco de dados[39m
2022-10-07 16:35:45:3545 - [31merror[39m: [31mnão foi possivel conectar no banco de dados[39m
2022-10-07 16:36:37:3637 - [31merror[39m: [31mnão foi possivel conectar no banco de dados[39m
2022-10-07 16:41:23:4123 - [31merror[39m: [31mnão foi possivel conectar no banco de dados[39m
2022-10-07 18:32:14:3214 - [31merror[39m: [31mnão foi possivel conectar no banco de dados[39m
2022-10-07 18:32:53:3253 - [31merror[39m: [31mnão foi possivel conectar no banco de dados[39m
2022-10-07 18:35:34:3534 - [32minfo[39m: [32mAplicação funcionando na porta: 3000[39m
2022-10-07 18:35:45:3545 - [32minfo[39m: [32mAplicação funcionando na porta: 3000[39m
2022-10-07 18:37:39:3739 - [32minfo[39m: [32mAplicação funcionando na porta: 3000[39m
2022-10-07 18:38:41:3841 - [32minfo[39m: [32mAplicação funcionando na porta: 3000[39m
2022-10-07 18:43:36:4336 - [31merror[39m: [31mCould not connect to db[39m
2022-10-07 18:44:13:4413 - [31merror[39m: [31mCould not connect to db[39m
2022-10-07 18:46:37:4637 - [32minfo[39m: [32mDB Connected[39m
2022-10-07 18:46:37:4637 - [32minfo[39m: [32mAplicação funcionando na porta: 3000[39m
2022-10-07 18:48:40:4840 - [32minfo[39m: [32mDB Connected[39m
2022-10-07 18:48:40:4840 - [32minfo[39m: [32mAplicação funcionando na porta: 3000[39m
